D:\PROJECTS\MICROCITYTRANSPARENCY\BIN\OBJ\DEBUG\CAMERA.OBJ
D:\PROJECTS\MICROCITYTRANSPARENCY\BIN\OBJ\DEBUG\MAIN.OBJ
D:\PROJECTS\MICROCITYTRANSPARENCY\BIN\OBJ\DEBUG\MODEL.OBJ
D:\PROJECTS\MICROCITYTRANSPARENCY\BIN\OBJ\DEBUG\PAD.OBJ
D:\PROJECTS\MICROCITYTRANSPARENCY\BIN\OBJ\DEBUG\RENDER.OBJ
D:\PROJECTS\MICROCITYTRANSPARENCY\BIN\OBJ\DEBUG\SPHERE_CAMERA_CONTROL.OBJ
D:\PROJECTS\MICROCITYTRANSPARENCY\BIN\OBJ\DEBUG\TEST.OBJ
D:\PROJECTS\MICROCITYTRANSPARENCY\BIN\OBJ\DEBUG\BUFFER.OBJ
D:\PROJECTS\MICROCITYTRANSPARENCY\BIN\OBJ\DEBUG\GFX.OBJ
D:\PROJECTS\MICROCITYTRANSPARENCY\BIN\OBJ\DEBUG\SHADER.OBJ
D:\PROJECTS\MICROCITYTRANSPARENCY\BIN\OBJ\DEBUG\GFX_WIN32_GL.OBJ
D:\PROJECTS\MICROCITYTRANSPARENCY\BIN\OBJ\DEBUG\GFX_WIN32_GLES2.OBJ
D:\PROJECTS\MICROCITYTRANSPARENCY\BIN\OBJ\DEBUG\VC110.PDB
D:\PROJECTS\MICROCITYTRANSPARENCY\BIN\DEBUG\MICROCITYTRANSPARENCY.ILK
D:\PROJECTS\MICROCITYTRANSPARENCY\BIN\DEBUG\MICROCITYTRANSPARENCY.EXE
D:\PROJECTS\MICROCITYTRANSPARENCY\BIN\DEBUG\MICROCITYTRANSPARENCY.PDB
D:\Projects\MicroCityTransparency\bin\obj\Debug\buffer.obj
D:\Projects\MicroCityTransparency\bin\obj\Debug\camera.obj
D:\Projects\MicroCityTransparency\bin\obj\Debug\gfx.obj
D:\Projects\MicroCityTransparency\bin\obj\Debug\gfx_win32_gl.obj
D:\Projects\MicroCityTransparency\bin\obj\Debug\gfx_win32_gles2.obj
D:\Projects\MicroCityTransparency\bin\obj\Debug\main.obj
D:\Projects\MicroCityTransparency\bin\obj\Debug\model.obj
D:\Projects\MicroCityTransparency\bin\obj\Debug\pad.obj
D:\Projects\MicroCityTransparency\bin\obj\Debug\render.obj
D:\Projects\MicroCityTransparency\bin\obj\Debug\shader.obj
D:\Projects\MicroCityTransparency\bin\obj\Debug\sphere_camera_control.obj
D:\Projects\MicroCityTransparency\bin\obj\Debug\test.obj
D:\Projects\MicroCityTransparency\bin\obj\Debug\cl.command.1.tlog
D:\Projects\MicroCityTransparency\bin\obj\Debug\CL.read.1.tlog
D:\Projects\MicroCityTransparency\bin\obj\Debug\CL.write.1.tlog
D:\Projects\MicroCityTransparency\bin\obj\Debug\link-cvtres.read.1.tlog
D:\Projects\MicroCityTransparency\bin\obj\Debug\link-cvtres.write.1.tlog
D:\Projects\MicroCityTransparency\bin\obj\Debug\link-rc.read.1.tlog
D:\Projects\MicroCityTransparency\bin\obj\Debug\link-rc.write.1.tlog
D:\Projects\MicroCityTransparency\bin\obj\Debug\link.command.1.tlog
D:\Projects\MicroCityTransparency\bin\obj\Debug\link.read.1.tlog
D:\Projects\MicroCityTransparency\bin\obj\Debug\link.write.1.tlog
D:\Projects\MicroCityTransparency\bin\obj\Debug\vc110.idb
D:\Projects\MicroCityTransparency\bin\obj\Debug\vc110.pdb
D:\Projects\MicroCityTransparency\build\..\bin\Debug\MicroCityTransparency.exe
