D:\PROJECTS\SANDBOX2.0\BIN\OBJ\DEBUG\EGL.OBJ
D:\PROJECTS\SANDBOX2.0\BIN\OBJ\DEBUG\GFX.OBJ
D:\PROJECTS\SANDBOX2.0\BIN\OBJ\DEBUG\GLES.OBJ
D:\PROJECTS\SANDBOX2.0\BIN\OBJ\DEBUG\CSHADERLOADER.OBJ
D:\PROJECTS\SANDBOX2.0\BIN\OBJ\DEBUG\CSHADERPIPELINE.OBJ
D:\PROJECTS\SANDBOX2.0\BIN\OBJ\DEBUG\CSHADER.OBJ
D:\PROJECTS\SANDBOX2.0\BIN\OBJ\DEBUG\ESHADERTYPE.OBJ
D:\PROJECTS\SANDBOX2.0\BIN\OBJ\DEBUG\CAMERA.OBJ
D:\PROJECTS\SANDBOX2.0\BIN\OBJ\DEBUG\MAIN.OBJ
D:\PROJECTS\SANDBOX2.0\BIN\OBJ\DEBUG\MODEL.OBJ
D:\PROJECTS\SANDBOX2.0\BIN\OBJ\DEBUG\PAD.OBJ
D:\PROJECTS\SANDBOX2.0\BIN\OBJ\DEBUG\RENDER.OBJ
D:\PROJECTS\SANDBOX2.0\BIN\OBJ\DEBUG\SPHERE_CAMERA_CONTROL.OBJ
D:\PROJECTS\SANDBOX2.0\BIN\OBJ\DEBUG\TEST.OBJ
D:\PROJECTS\SANDBOX2.0\BIN\OBJ\DEBUG\BUFFER.OBJ
D:\PROJECTS\SANDBOX2.0\BIN\OBJ\DEBUG\GFX_WIN32_GLES2.OBJ
D:\PROJECTS\SANDBOX2.0\BIN\OBJ\DEBUG\VC110.PDB
D:\PROJECTS\SANDBOX2.0\BIN\OBJ\DEBUG\CWINDOW.OBJ
D:\PROJECTS\SANDBOX2.0\BIN\OBJ\DEBUG\CWINDOWWINAPI.OBJ
D:\PROJECTS\SANDBOX2.0\BIN\OBJ\DEBUG\CDEMO.OBJ
D:\PROJECTS\SANDBOX2.0\BIN\OBJ\DEBUG\CGRAPHICSCONTEXT.OBJ
D:\PROJECTS\SANDBOX2.0\BIN\OBJ\DEBUG\CAPPLICATION.OBJ
D:\PROJECTS\SANDBOX2.0\BIN\OBJ\DEBUG\CCITYDEMO.OBJ
D:\PROJECTS\SANDBOX2.0\BIN\OBJ\DEBUG\CBUFFER.OBJ
D:\PROJECTS\SANDBOX2.0\BIN\OBJ\DEBUG\CPOINTVERTEXBUFFER.OBJ
D:\PROJECTS\SANDBOX2.0\BIN\DEBUG\SANDBOX2.0.ILK
D:\PROJECTS\SANDBOX2.0\BIN\DEBUG\SANDBOX2.0.EXE
D:\PROJECTS\SANDBOX2.0\BIN\DEBUG\SANDBOX2.0.PDB
D:\Projects\Sandbox2.0\bin\obj\Debug\buffer.obj
D:\Projects\Sandbox2.0\bin\obj\Debug\camera.obj
D:\Projects\Sandbox2.0\bin\obj\Debug\CApplication.obj
D:\Projects\Sandbox2.0\bin\obj\Debug\CBuffer.obj
D:\Projects\Sandbox2.0\bin\obj\Debug\CCityDemo.obj
D:\Projects\Sandbox2.0\bin\obj\Debug\CDemo.obj
D:\Projects\Sandbox2.0\bin\obj\Debug\CGraphicsContext.obj
D:\Projects\Sandbox2.0\bin\obj\Debug\CPointVertexBuffer.obj
D:\Projects\Sandbox2.0\bin\obj\Debug\CShader.obj
D:\Projects\Sandbox2.0\bin\obj\Debug\CShaderLoader.obj
D:\Projects\Sandbox2.0\bin\obj\Debug\CShaderPipeline.obj
D:\Projects\Sandbox2.0\bin\obj\Debug\CWindow.obj
D:\Projects\Sandbox2.0\bin\obj\Debug\CWindowWINAPI.obj
D:\Projects\Sandbox2.0\bin\obj\Debug\egl.obj
D:\Projects\Sandbox2.0\bin\obj\Debug\EShaderType.obj
D:\Projects\Sandbox2.0\bin\obj\Debug\gfx.obj
D:\Projects\Sandbox2.0\bin\obj\Debug\gfx_win32_gles2.obj
D:\Projects\Sandbox2.0\bin\obj\Debug\gles.obj
D:\Projects\Sandbox2.0\bin\obj\Debug\main.obj
D:\Projects\Sandbox2.0\bin\obj\Debug\model.obj
D:\Projects\Sandbox2.0\bin\obj\Debug\pad.obj
D:\Projects\Sandbox2.0\bin\obj\Debug\render.obj
D:\Projects\Sandbox2.0\bin\obj\Debug\sphere_camera_control.obj
D:\Projects\Sandbox2.0\bin\obj\Debug\test.obj
D:\Projects\Sandbox2.0\bin\obj\Debug\cl.command.1.tlog
D:\Projects\Sandbox2.0\bin\obj\Debug\CL.read.1.tlog
D:\Projects\Sandbox2.0\bin\obj\Debug\CL.write.1.tlog
D:\Projects\Sandbox2.0\bin\obj\Debug\link-cvtres.read.1.tlog
D:\Projects\Sandbox2.0\bin\obj\Debug\link-cvtres.write.1.tlog
D:\Projects\Sandbox2.0\bin\obj\Debug\link-rc.read.1.tlog
D:\Projects\Sandbox2.0\bin\obj\Debug\link-rc.write.1.tlog
D:\Projects\Sandbox2.0\bin\obj\Debug\link.10064-cvtres.read.1.tlog
D:\Projects\Sandbox2.0\bin\obj\Debug\link.10064-cvtres.write.1.tlog
D:\Projects\Sandbox2.0\bin\obj\Debug\link.10064-rc.read.1.tlog
D:\Projects\Sandbox2.0\bin\obj\Debug\link.10064-rc.write.1.tlog
D:\Projects\Sandbox2.0\bin\obj\Debug\link.10064.read.1.tlog
D:\Projects\Sandbox2.0\bin\obj\Debug\link.10064.write.1.tlog
D:\Projects\Sandbox2.0\bin\obj\Debug\link.15352-cvtres.read.1.tlog
D:\Projects\Sandbox2.0\bin\obj\Debug\link.15352-cvtres.write.1.tlog
D:\Projects\Sandbox2.0\bin\obj\Debug\link.15352-rc.read.1.tlog
D:\Projects\Sandbox2.0\bin\obj\Debug\link.15352-rc.write.1.tlog
D:\Projects\Sandbox2.0\bin\obj\Debug\link.15352.read.1.tlog
D:\Projects\Sandbox2.0\bin\obj\Debug\link.15352.write.1.tlog
D:\Projects\Sandbox2.0\bin\obj\Debug\link.18136-cvtres.read.1.tlog
D:\Projects\Sandbox2.0\bin\obj\Debug\link.18136-cvtres.write.1.tlog
D:\Projects\Sandbox2.0\bin\obj\Debug\link.18136-rc.read.1.tlog
D:\Projects\Sandbox2.0\bin\obj\Debug\link.18136-rc.write.1.tlog
D:\Projects\Sandbox2.0\bin\obj\Debug\link.18136.read.1.tlog
D:\Projects\Sandbox2.0\bin\obj\Debug\link.18136.write.1.tlog
D:\Projects\Sandbox2.0\bin\obj\Debug\link.22600-cvtres.read.1.tlog
D:\Projects\Sandbox2.0\bin\obj\Debug\link.22600-cvtres.write.1.tlog
D:\Projects\Sandbox2.0\bin\obj\Debug\link.22600-rc.read.1.tlog
D:\Projects\Sandbox2.0\bin\obj\Debug\link.22600-rc.write.1.tlog
D:\Projects\Sandbox2.0\bin\obj\Debug\link.22600.read.1.tlog
D:\Projects\Sandbox2.0\bin\obj\Debug\link.22600.write.1.tlog
D:\Projects\Sandbox2.0\bin\obj\Debug\link.24056-cvtres.read.1.tlog
D:\Projects\Sandbox2.0\bin\obj\Debug\link.24056-cvtres.write.1.tlog
D:\Projects\Sandbox2.0\bin\obj\Debug\link.24056-rc.read.1.tlog
D:\Projects\Sandbox2.0\bin\obj\Debug\link.24056-rc.write.1.tlog
D:\Projects\Sandbox2.0\bin\obj\Debug\link.24056.read.1.tlog
D:\Projects\Sandbox2.0\bin\obj\Debug\link.24056.write.1.tlog
D:\Projects\Sandbox2.0\bin\obj\Debug\link.2512-cvtres.read.1.tlog
D:\Projects\Sandbox2.0\bin\obj\Debug\link.2512-cvtres.write.1.tlog
D:\Projects\Sandbox2.0\bin\obj\Debug\link.2512-rc.read.1.tlog
D:\Projects\Sandbox2.0\bin\obj\Debug\link.2512-rc.write.1.tlog
D:\Projects\Sandbox2.0\bin\obj\Debug\link.2512.read.1.tlog
D:\Projects\Sandbox2.0\bin\obj\Debug\link.2512.write.1.tlog
D:\Projects\Sandbox2.0\bin\obj\Debug\link.25328-cvtres.read.1.tlog
D:\Projects\Sandbox2.0\bin\obj\Debug\link.25328-cvtres.write.1.tlog
D:\Projects\Sandbox2.0\bin\obj\Debug\link.25328-rc.read.1.tlog
D:\Projects\Sandbox2.0\bin\obj\Debug\link.25328-rc.write.1.tlog
D:\Projects\Sandbox2.0\bin\obj\Debug\link.25328.read.1.tlog
D:\Projects\Sandbox2.0\bin\obj\Debug\link.25328.write.1.tlog
D:\Projects\Sandbox2.0\bin\obj\Debug\link.4696-cvtres.read.1.tlog
D:\Projects\Sandbox2.0\bin\obj\Debug\link.4696-cvtres.write.1.tlog
D:\Projects\Sandbox2.0\bin\obj\Debug\link.4696-rc.read.1.tlog
D:\Projects\Sandbox2.0\bin\obj\Debug\link.4696-rc.write.1.tlog
D:\Projects\Sandbox2.0\bin\obj\Debug\link.4696.read.1.tlog
D:\Projects\Sandbox2.0\bin\obj\Debug\link.4696.write.1.tlog
D:\Projects\Sandbox2.0\bin\obj\Debug\link.6424-cvtres.read.1.tlog
D:\Projects\Sandbox2.0\bin\obj\Debug\link.6424-cvtres.write.1.tlog
D:\Projects\Sandbox2.0\bin\obj\Debug\link.6424-rc.read.1.tlog
D:\Projects\Sandbox2.0\bin\obj\Debug\link.6424-rc.write.1.tlog
D:\Projects\Sandbox2.0\bin\obj\Debug\link.6424.read.1.tlog
D:\Projects\Sandbox2.0\bin\obj\Debug\link.6424.write.1.tlog
D:\Projects\Sandbox2.0\bin\obj\Debug\link.command.1.tlog
D:\Projects\Sandbox2.0\bin\obj\Debug\link.read.1.tlog
D:\Projects\Sandbox2.0\bin\obj\Debug\link.write.1.tlog
D:\Projects\Sandbox2.0\bin\obj\Debug\vc110.idb
D:\Projects\Sandbox2.0\bin\obj\Debug\vc110.pdb
D:\Projects\Sandbox2.0\build\..\bin\Debug\Sandbox2.0.exe
